Using pre-set license
Built from '2020.3/staging' branch; Version is '2020.3.24f1 (79c78de19888) revision 7980941'; Using compiler version '192528614'; Build Type 'Release'
OS: 'Windows 11  (10.0.22000) 64bit CoreSingleLanguage' Language: 'en' Physical Memory: 8033 MB
BatchMode: 1, IsHumanControllingUs: 0, StartBugReporterOnCrash: 0, Is64bit: 1, IsPro: 0

COMMAND LINE ARGUMENTS:
C:\Program Files\Unity\Hub\Editor\2020.3.24f1\Editor\Unity.exe
-adb2
-batchMode
-noUpm
-name
AssetImportWorker0
-projectPath
E:/C3-Lab12
-logFile
Logs/AssetImportWorker0.log
-srvPort
58646
Successfully changed project path to: E:/C3-Lab12
E:/C3-Lab12
Using Asset Import Pipeline V2.
Refreshing native plugins compatible for Editor in 39.74 ms, found 2 plugins.
Preloading 0 native plugins for Editor in 0.00 ms.
Initialize engine version: 2020.3.24f1 (79c78de19888)
[Subsystems] Discovering subsystems at path C:/Program Files/Unity/Hub/Editor/2020.3.24f1/Editor/Data/Resources/UnitySubsystems
[Subsystems] Discovering subsystems at path E:/C3-Lab12/Assets
GfxDevice: creating device client; threaded=0
Direct3D:
    Version:  Direct3D 11.0 [level 11.1]
    Renderer: NVIDIA GeForce GTX 1650 (ID=0x1f91)
    Vendor:   
    VRAM:     3962 MB
    Driver:   27.21.14.6280
Initialize mono
Mono path[0] = 'C:/Program Files/Unity/Hub/Editor/2020.3.24f1/Editor/Data/Managed'
Mono path[1] = 'C:/Program Files/Unity/Hub/Editor/2020.3.24f1/Editor/Data/MonoBleedingEdge/lib/mono/unityjit'
Mono config path = 'C:/Program Files/Unity/Hub/Editor/2020.3.24f1/Editor/Data/MonoBleedingEdge/etc'
Using monoOptions --debugger-agent=transport=dt_socket,embedding=1,server=y,suspend=n,address=127.0.0.1:56940
Begin MonoManager ReloadAssembly
Registering precompiled unity dll's ...
Register platform support module: C:/Program Files/Unity/Hub/Editor/2020.3.24f1/Editor/Data/PlaybackEngines/WebGLSupport/UnityEditor.WebGL.Extensions.dll
Register platform support module: C:/Program Files/Unity/Hub/Editor/2020.3.24f1/Editor/Data/PlaybackEngines/WindowsStandaloneSupport/UnityEditor.WindowsStandalone.Extensions.dll
Registered in 0.001658 seconds.
Native extension for WindowsStandalone target not found
Native extension for WebGL target not found
Refreshing native plugins compatible for Editor in 43.34 ms, found 2 plugins.
Preloading 0 native plugins for Editor in 0.00 ms.
Mono: successfully reloaded assembly
- Completed reload, in  0.570 seconds
Domain Reload Profiling:
	ReloadAssembly (570ms)
		BeginReloadAssembly (48ms)
			ExecutionOrderSort (0ms)
			DisableScriptedObjects (0ms)
			BackupInstance (0ms)
			ReleaseScriptingObjects (0ms)
			CreateAndSetChildDomain (1ms)
		EndReloadAssembly (453ms)
			LoadAssemblies (47ms)
			RebuildTransferFunctionScriptingTraits (0ms)
			SetupTypeCache (151ms)
			ReleaseScriptCaches (0ms)
			RebuildScriptCaches (33ms)
			SetupLoadedEditorAssemblies (170ms)
				LogAssemblyErrors (0ms)
				InitializePlatformSupportModulesInManaged (5ms)
				SetLoadedEditorAssemblies (0ms)
				RefreshPlugins (43ms)
				BeforeProcessingInitializeOnLoad (16ms)
				ProcessInitializeOnLoadAttributes (77ms)
				ProcessInitializeOnLoadMethodAttributes (28ms)
				AfterProcessingInitializeOnLoad (0ms)
				EditorAssembliesLoaded (0ms)
			ExecutionOrderSort2 (0ms)
			AwakeInstancesAfterBackupRestoration (0ms)
Platform modules already initialized, skipping
Registering precompiled user dll's ...
Registered in 0.002627 seconds.
Begin MonoManager ReloadAssembly
Native extension for WindowsStandalone target not found
Native extension for WebGL target not found
Refreshing native plugins compatible for Editor in 0.35 ms, found 2 plugins.
Preloading 0 native plugins for Editor in 0.00 ms.
Mono: successfully reloaded assembly
- Completed reload, in  0.937 seconds
Domain Reload Profiling:
	ReloadAssembly (938ms)
		BeginReloadAssembly (132ms)
			ExecutionOrderSort (0ms)
			DisableScriptedObjects (4ms)
			BackupInstance (0ms)
			ReleaseScriptingObjects (0ms)
			CreateAndSetChildDomain (17ms)
		EndReloadAssembly (747ms)
			LoadAssemblies (75ms)
			RebuildTransferFunctionScriptingTraits (0ms)
			SetupTypeCache (268ms)
			ReleaseScriptCaches (0ms)
			RebuildScriptCaches (39ms)
			SetupLoadedEditorAssemblies (282ms)
				LogAssemblyErrors (0ms)
				InitializePlatformSupportModulesInManaged (5ms)
				SetLoadedEditorAssemblies (0ms)
				RefreshPlugins (0ms)
				BeforeProcessingInitializeOnLoad (81ms)
				ProcessInitializeOnLoadAttributes (183ms)
				ProcessInitializeOnLoadMethodAttributes (8ms)
				AfterProcessingInitializeOnLoad (4ms)
				EditorAssembliesLoaded (0ms)
			ExecutionOrderSort2 (0ms)
			AwakeInstancesAfterBackupRestoration (6ms)
Platform modules already initialized, skipping
========================================================================
Worker process is ready to serve import requests
Launched and connected shader compiler UnityShaderCompiler.exe after 0.07 seconds
Refreshing native plugins compatible for Editor in 0.37 ms, found 2 plugins.
Preloading 0 native plugins for Editor in 0.00 ms.
Unloading 1512 Unused Serialized files (Serialized files now loaded: 0)
System memory in use before: 70.0 MB.
System memory in use after: 70.0 MB.

Unloading 19 unused Assets to reduce memory usage. Loaded Objects now: 1945.
Total: 2.929500 ms (FindLiveObjects: 0.150700 ms CreateObjectMapping: 0.044100 ms MarkObjects: 2.675500 ms  DeleteObjects: 0.058500 ms)

AssetImportParameters requested are different than current active one (requested -> active):
  custom:framework-win-MediaFoundation: 216162199b28c13a410421893ffa2e32 -> 
  custom:video-decoder-ogg-theora: a1e56fd34408186e4bbccfd4996cb3dc -> 
  custom:container-muxer-webm: aa71ff27fc2769a1b78a27578f13a17b -> 
  custom:container-demuxer-webm: 4f35f7cbe854078d1ac9338744f61a02 -> 
  custom:container-demuxer-ogg: 62fdf1f143b41e24485cea50d1cbac27 -> 
  custom:video-encoder-webm-vp8: eb34c28f22e8b96e1ab97ce403110664 -> 
  custom:video-decoder-webm-vp8: 9c59270c3fd7afecdb556c50c9e8de78 -> 
  custom:audio-decoder-ogg-vorbis: bf7c407c2cedff20999df2af8eb42d56 -> 
  custom:audio-encoder-webm-vorbis: bf7c407c2cedff20999df2af8eb42d56 -> 
========================================================================
Received Import Request.
  path: Assets/AssetsBackup/EnemyMaterial.mat
  artifactKey: Guid(fd686efae55cda94cac2a789f73af24c) Importer(815301076,1909f56bfc062723c751e8b465ee728b)
Start importing Assets/AssetsBackup/EnemyMaterial.mat using Guid(fd686efae55cda94cac2a789f73af24c) Importer(815301076,1909f56bfc062723c751e8b465ee728b)  -> (artifact id: '41fa4144fece25dabaab586766377d84') in 0.109325 seconds 
  Import took 0.111669 seconds .

========================================================================
Received Import Request.
  Time since last request: 39.444348 seconds.
  path: Assets/AssetsBackup/myFrefabes/Uzi.prefab
  artifactKey: Guid(d1be2cd07f6ab744c945e948f5a8c7a5) Importer(815301076,1909f56bfc062723c751e8b465ee728b)
Start importing Assets/AssetsBackup/myFrefabes/Uzi.prefab using Guid(d1be2cd07f6ab744c945e948f5a8c7a5) Importer(815301076,1909f56bfc062723c751e8b465ee728b)  -> (artifact id: 'bc0560dbf1ef6fedb8fd69764b2f9475') in 0.039334 seconds 
  Import took 0.042985 seconds .

========================================================================
Received Import Request.
  Time since last request: 16.631848 seconds.
  path: Assets/AssetsBackup/Resources
  artifactKey: Guid(1c1c1020b88ace149bf51d9171f503d0) Importer(815301076,1909f56bfc062723c751e8b465ee728b)
Start importing Assets/AssetsBackup/Resources using Guid(1c1c1020b88ace149bf51d9171f503d0) Importer(815301076,1909f56bfc062723c751e8b465ee728b)  -> (artifact id: '23637cb03faebd8e630f65642ea8320f') in 0.014615 seconds 
  Import took 0.018227 seconds .

========================================================================
Received Import Request.
  Time since last request: 11.050834 seconds.
  path: Assets/AssetsBackup/BulletBehaviour.cs
  artifactKey: Guid(582221c84830bec47974b7f5b8705fbe) Importer(815301076,1909f56bfc062723c751e8b465ee728b)
Start importing Assets/AssetsBackup/BulletBehaviour.cs using Guid(582221c84830bec47974b7f5b8705fbe) Importer(815301076,1909f56bfc062723c751e8b465ee728b)  -> (artifact id: '22d5aad5081caeb972974256fc4de7af') in 0.015234 seconds 
  Import took 0.275097 seconds .

========================================================================
Received Prepare
Registering precompiled user dll's ...
Registered in 0.002335 seconds.
Begin MonoManager ReloadAssembly
Native extension for WindowsStandalone target not found
Native extension for WebGL target not found
Refreshing native plugins compatible for Editor in 0.34 ms, found 2 plugins.
Preloading 0 native plugins for Editor in 0.00 ms.
Mono: successfully reloaded assembly
- Completed reload, in  0.904 seconds
Domain Reload Profiling:
	ReloadAssembly (905ms)
		BeginReloadAssembly (104ms)
			ExecutionOrderSort (0ms)
			DisableScriptedObjects (3ms)
			BackupInstance (0ms)
			ReleaseScriptingObjects (0ms)
			CreateAndSetChildDomain (30ms)
		EndReloadAssembly (742ms)
			LoadAssemblies (83ms)
			RebuildTransferFunctionScriptingTraits (0ms)
			SetupTypeCache (268ms)
			ReleaseScriptCaches (1ms)
			RebuildScriptCaches (35ms)
			SetupLoadedEditorAssemblies (254ms)
				LogAssemblyErrors (0ms)
				InitializePlatformSupportModulesInManaged (5ms)
				SetLoadedEditorAssemblies (0ms)
				RefreshPlugins (0ms)
				BeforeProcessingInitializeOnLoad (63ms)
				ProcessInitializeOnLoadAttributes (172ms)
				ProcessInitializeOnLoadMethodAttributes (8ms)
				AfterProcessingInitializeOnLoad (5ms)
				EditorAssembliesLoaded (0ms)
			ExecutionOrderSort2 (0ms)
			AwakeInstancesAfterBackupRestoration (7ms)
Platform modules already initialized, skipping
Refreshing native plugins compatible for Editor in 0.55 ms, found 2 plugins.
Preloading 0 native plugins for Editor in 0.00 ms.
Unloading 1506 Unused Serialized files (Serialized files now loaded: 0)
System memory in use before: 73.2 MB.
System memory in use after: 73.3 MB.

Unloading 14 unused Assets to reduce memory usage. Loaded Objects now: 1989.
Total: 3.145400 ms (FindLiveObjects: 0.168100 ms CreateObjectMapping: 0.039600 ms MarkObjects: 2.918500 ms  DeleteObjects: 0.018100 ms)

AssetImportParameters requested are different than current active one (requested -> active):
  custom:framework-win-MediaFoundation: 216162199b28c13a410421893ffa2e32 -> 
  custom:video-decoder-ogg-theora: a1e56fd34408186e4bbccfd4996cb3dc -> 
  custom:container-muxer-webm: aa71ff27fc2769a1b78a27578f13a17b -> 
  custom:container-demuxer-webm: 4f35f7cbe854078d1ac9338744f61a02 -> 
  custom:container-demuxer-ogg: 62fdf1f143b41e24485cea50d1cbac27 -> 
  custom:video-encoder-webm-vp8: eb34c28f22e8b96e1ab97ce403110664 -> 
  custom:video-decoder-webm-vp8: 9c59270c3fd7afecdb556c50c9e8de78 -> 
  custom:audio-decoder-ogg-vorbis: bf7c407c2cedff20999df2af8eb42d56 -> 
  custom:audio-encoder-webm-vorbis: bf7c407c2cedff20999df2af8eb42d56 -> 
========================================================================
Received Import Request.
  Time since last request: 12.012178 seconds.
  path: Assets/AssetsBackup/CanvasBehaviour.cs
  artifactKey: Guid(a1dd2971ea2293549a233422ec6cbfd9) Importer(815301076,1909f56bfc062723c751e8b465ee728b)
Start importing Assets/AssetsBackup/CanvasBehaviour.cs using Guid(a1dd2971ea2293549a233422ec6cbfd9) Importer(815301076,1909f56bfc062723c751e8b465ee728b)  -> (artifact id: '85c8a67aad8a2ff980629a9c74ca44b1') in 0.013746 seconds 
  Import took 0.017296 seconds .

========================================================================
Received Import Request.
  Time since last request: 0.931193 seconds.
  path: Assets/AssetsBackup/EnemyBehaviour.cs
  artifactKey: Guid(e6d12788b64ea0246bfb5cff9b00eebf) Importer(815301076,1909f56bfc062723c751e8b465ee728b)
Start importing Assets/AssetsBackup/EnemyBehaviour.cs using Guid(e6d12788b64ea0246bfb5cff9b00eebf) Importer(815301076,1909f56bfc062723c751e8b465ee728b)  -> (artifact id: 'c79a2162a7df042691fe6ca4a6600885') in 0.008417 seconds 
  Import took 0.011517 seconds .

========================================================================
Received Import Request.
  Time since last request: 30.987849 seconds.
  path: Assets/POLYGON weapons/Show_scene_unofficial/Data/2mCube.fbx
  artifactKey: Guid(48f4796d3f047324ebb503f4485d955e) Importer(815301076,1909f56bfc062723c751e8b465ee728b)
Start importing Assets/POLYGON weapons/Show_scene_unofficial/Data/2mCube.fbx using Guid(48f4796d3f047324ebb503f4485d955e) Importer(815301076,1909f56bfc062723c751e8b465ee728b)  -> (artifact id: '10635d69ee6390c56cf577373d8181d0') in 0.313223 seconds 
  Import took 0.316573 seconds .

========================================================================
Received Import Request.
  Time since last request: 0.000213 seconds.
  path: Assets/POLYGON weapons/Assets_official/FBXTexMat/POLYGON weapons pack/Nsp/Nsp.fbx
  artifactKey: Guid(439c2a98eed9b884383505f395d33808) Importer(815301076,1909f56bfc062723c751e8b465ee728b)
Start importing Assets/POLYGON weapons/Assets_official/FBXTexMat/POLYGON weapons pack/Nsp/Nsp.fbx using Guid(439c2a98eed9b884383505f395d33808) Importer(815301076,1909f56bfc062723c751e8b465ee728b)  -> (artifact id: '199e208eaa2c91fda7173a67b564cf37') in 0.079677 seconds 
  Import took 0.082027 seconds .

========================================================================
Received Import Request.
  Time since last request: 0.000247 seconds.
  path: Assets/POLYGON weapons/Assets_official/FBXTexMat/POLYGON weapons pack/old_pistol/old_pistol.fbx
  artifactKey: Guid(87b1b4bacfa77ca4bbf2388257d5d775) Importer(815301076,1909f56bfc062723c751e8b465ee728b)
Start importing Assets/POLYGON weapons/Assets_official/FBXTexMat/POLYGON weapons pack/old_pistol/old_pistol.fbx using Guid(87b1b4bacfa77ca4bbf2388257d5d775) Importer(815301076,1909f56bfc062723c751e8b465ee728b)  -> (artifact id: 'f155d74e9cc0b259b950fdd7de239ee5') in 0.054120 seconds 
  Import took 0.056454 seconds .

========================================================================
Received Import Request.
  Time since last request: 0.000220 seconds.
  path: Assets/POLYGON weapons/Assets_official/FBXTexMat/POLYGON weapons pack/Auge/Auge_c.mat
  artifactKey: Guid(082d68e13d6519341aa9eed2c2bfbc8e) Importer(815301076,1909f56bfc062723c751e8b465ee728b)
Start importing Assets/POLYGON weapons/Assets_official/FBXTexMat/POLYGON weapons pack/Auge/Auge_c.mat using Guid(082d68e13d6519341aa9eed2c2bfbc8e) Importer(815301076,1909f56bfc062723c751e8b465ee728b)  -> (artifact id: '56bf0b19864fbbe7f231bce897af9506') in 0.016586 seconds 
  Import took 0.019303 seconds .

========================================================================
Received Import Request.
  Time since last request: 0.000244 seconds.
  path: Assets/POLYGON weapons/Assets_official/FBXTexMat/POLYGON weapons pack/ClusterSub/ClusterSub.fbx
  artifactKey: Guid(23a35f54a42655341bbc7e277785f56f) Importer(815301076,1909f56bfc062723c751e8b465ee728b)
Start importing Assets/POLYGON weapons/Assets_official/FBXTexMat/POLYGON weapons pack/ClusterSub/ClusterSub.fbx using Guid(23a35f54a42655341bbc7e277785f56f) Importer(815301076,1909f56bfc062723c751e8b465ee728b)  -> (artifact id: '49ea39d3a2fe6e992addf9e677dc901d') in 0.048505 seconds 
  Import took 0.051506 seconds .

========================================================================
Received Import Request.
  Time since last request: 0.000193 seconds.
  path: Assets/POLYGON weapons/Assets_official/FBXTexMat/POLYGON weapons pack/equipment_mats/Black.mat
  artifactKey: Guid(e459a9a184307d147b5ff8ce2628188c) Importer(815301076,1909f56bfc062723c751e8b465ee728b)
Start importing Assets/POLYGON weapons/Assets_official/FBXTexMat/POLYGON weapons pack/equipment_mats/Black.mat using Guid(e459a9a184307d147b5ff8ce2628188c) Importer(815301076,1909f56bfc062723c751e8b465ee728b)  -> (artifact id: 'f0d966d8de0308aa954db9701e52b418') in 0.015084 seconds 
  Import took 0.017543 seconds .

========================================================================
Received Import Request.
  Time since last request: 0.000244 seconds.
  path: Assets/POLYGON weapons/Assets_official/FBXTexMat/POLYGON weapons pack/Auge/AugeCam.renderTexture
  artifactKey: Guid(cf414400be7ce184aa7d2f7bc2f25a15) Importer(815301076,1909f56bfc062723c751e8b465ee728b)
Start importing Assets/POLYGON weapons/Assets_official/FBXTexMat/POLYGON weapons pack/Auge/AugeCam.renderTexture using Guid(cf414400be7ce184aa7d2f7bc2f25a15) Importer(815301076,1909f56bfc062723c751e8b465ee728b)  -> (artifact id: '6110df309c87fa1748cfa7b341780158') in 0.060309 seconds 
  Import took 0.063229 seconds .

========================================================================
Received Import Request.
  Time since last request: 0.000216 seconds.
  path: Assets/POLYGON weapons/Assets_official/FBXTexMat/POLYGON weapons pack/HunterRifle/HunterRifle_cam.renderTexture
  artifactKey: Guid(51c312cbf47a2104a9c8cd81c20222a5) Importer(815301076,1909f56bfc062723c751e8b465ee728b)
Start importing Assets/POLYGON weapons/Assets_official/FBXTexMat/POLYGON weapons pack/HunterRifle/HunterRifle_cam.renderTexture using Guid(51c312cbf47a2104a9c8cd81c20222a5) Importer(815301076,1909f56bfc062723c751e8b465ee728b)  -> (artifact id: '325ca0dd68f1adc8ade5b27529a59781') in 0.012046 seconds 
  Import took 0.015099 seconds .

========================================================================
Received Import Request.
  Time since last request: 0.000260 seconds.
  path: Assets/POLYGON weapons/Assets_official/FBXTexMat/POLYGON weapons pack/equipment_mats/Scope_c/Materials/cam_5.mat
  artifactKey: Guid(add482bed562ce94dabc4af217793bbe) Importer(815301076,1909f56bfc062723c751e8b465ee728b)
Start importing Assets/POLYGON weapons/Assets_official/FBXTexMat/POLYGON weapons pack/equipment_mats/Scope_c/Materials/cam_5.mat using Guid(add482bed562ce94dabc4af217793bbe) Importer(815301076,1909f56bfc062723c751e8b465ee728b)  -> (artifact id: '28684e1c3ad09c31e2f35b9617d22c6c') in 0.014216 seconds 
  Import took 0.017759 seconds .

========================================================================
Received Import Request.
  Time since last request: 0.000293 seconds.
  path: Assets/POLYGON weapons/Assets_official/FBXTexMat/POLYGON weapons pack/equipment_mats/Scope_a/Materials/cam_3.mat
  artifactKey: Guid(f81ad0c6f1f07eb44ba495abb965dc84) Importer(815301076,1909f56bfc062723c751e8b465ee728b)
Start importing Assets/POLYGON weapons/Assets_official/FBXTexMat/POLYGON weapons pack/equipment_mats/Scope_a/Materials/cam_3.mat using Guid(f81ad0c6f1f07eb44ba495abb965dc84) Importer(815301076,1909f56bfc062723c751e8b465ee728b)  -> (artifact id: '9a449070ca597494c35db738847a1d6b') in 0.014588 seconds 
  Import took 0.102932 seconds .

========================================================================
Received Import Request.
  Time since last request: 0.000622 seconds.
  path: Assets/POLYGON weapons/Assets_official/FBXTexMat/POLYGON weapons pack/equipment_mats/Scope_a/Scope_a.fbx
  artifactKey: Guid(7c3e9f1f7a153c749a8f01ecb51477ab) Importer(815301076,1909f56bfc062723c751e8b465ee728b)
Start importing Assets/POLYGON weapons/Assets_official/FBXTexMat/POLYGON weapons pack/equipment_mats/Scope_a/Scope_a.fbx using Guid(7c3e9f1f7a153c749a8f01ecb51477ab) Importer(815301076,1909f56bfc062723c751e8b465ee728b)  -> (artifact id: 'e23d6f3edba57f9093e3aca572fa7ce6') in 0.067908 seconds 
  Import took 0.072284 seconds .

========================================================================
Received Import Request.
  Time since last request: 0.000226 seconds.
  path: Assets/POLYGON weapons/Assets_official/FBXTexMat/POLYGON weapons pack/equipment_mats/Scope_b/cam_4.renderTexture
  artifactKey: Guid(6bd975b10f1d95c40b6f5bfa40139e36) Importer(815301076,1909f56bfc062723c751e8b465ee728b)
Start importing Assets/POLYGON weapons/Assets_official/FBXTexMat/POLYGON weapons pack/equipment_mats/Scope_b/cam_4.renderTexture using Guid(6bd975b10f1d95c40b6f5bfa40139e36) Importer(815301076,1909f56bfc062723c751e8b465ee728b)  -> (artifact id: '38e2f603fbda904d97ebdfa11e816f2a') in 0.012649 seconds 
  Import took 0.016230 seconds .

========================================================================
Received Import Request.
  Time since last request: 0.000250 seconds.
  path: Assets/POLYGON weapons/Assets_official/FBXTexMat/POLYGON weapons pack/Blast_set/Blast_set.fbx
  artifactKey: Guid(284d48b4b9e6dd745ac0d83ee99983e6) Importer(815301076,1909f56bfc062723c751e8b465ee728b)
Start importing Assets/POLYGON weapons/Assets_official/FBXTexMat/POLYGON weapons pack/Blast_set/Blast_set.fbx using Guid(284d48b4b9e6dd745ac0d83ee99983e6) Importer(815301076,1909f56bfc062723c751e8b465ee728b)  -> (artifact id: '1be99ebdef635dbec48f696e035ebddb') in 0.042922 seconds 
  Import took 0.046912 seconds .

========================================================================
Received Import Request.
  Time since last request: 0.000282 seconds.
  path: Assets/POLYGON weapons/Assets_official/FBXTexMat/POLYGON weapons pack/machinegun/machinegun.fbx
  artifactKey: Guid(31dfb11233dba464c939da0f509fe6d2) Importer(815301076,1909f56bfc062723c751e8b465ee728b)
Start importing Assets/POLYGON weapons/Assets_official/FBXTexMat/POLYGON weapons pack/machinegun/machinegun.fbx using Guid(31dfb11233dba464c939da0f509fe6d2) Importer(815301076,1909f56bfc062723c751e8b465ee728b)  -> (artifact id: '4e90d452567d215871c78e3846194118') in 0.129423 seconds 
  Import took 0.132421 seconds .

========================================================================
Received Import Request.
  Time since last request: 0.000158 seconds.
  path: Assets/POLYGON weapons/Assets_official/FBXTexMat/POLYGON weapons pack/equipment_mats/Scope_b/Materials/cam_4.mat
  artifactKey: Guid(010f9563daf8b5845b60d031ac439858) Importer(815301076,1909f56bfc062723c751e8b465ee728b)
Start importing Assets/POLYGON weapons/Assets_official/FBXTexMat/POLYGON weapons pack/equipment_mats/Scope_b/Materials/cam_4.mat using Guid(010f9563daf8b5845b60d031ac439858) Importer(815301076,1909f56bfc062723c751e8b465ee728b)  -> (artifact id: '89f87a41be8520f1180cafe060a2b96b') in 0.007335 seconds 
  Import took 0.010269 seconds .

========================================================================
Received Import Request.
  Time since last request: 0.000254 seconds.
  path: Assets/POLYGON weapons/Assets_official/Equipment_assets/All_in_one_scopes.prefab
  artifactKey: Guid(5f79472d0cdb72c4b9d03e876f0cfd83) Importer(815301076,1909f56bfc062723c751e8b465ee728b)
Start importing Assets/POLYGON weapons/Assets_official/Equipment_assets/All_in_one_scopes.prefab using Guid(5f79472d0cdb72c4b9d03e876f0cfd83) Importer(815301076,1909f56bfc062723c751e8b465ee728b)  -> (artifact id: '45c8dc558c754e37022a15d2d76beb53') in 0.031639 seconds 
  Import took 0.034943 seconds .

========================================================================
Received Import Request.
  Time since last request: 0.000224 seconds.
  path: Assets/POLYGON weapons/Assets_official/FBXTexMat/POLYGON weapons pack/Auge/Auge_c.png
  artifactKey: Guid(e283a6de152611e4e9bbcb1f5d515f53) Importer(815301076,1909f56bfc062723c751e8b465ee728b)
Start importing Assets/POLYGON weapons/Assets_official/FBXTexMat/POLYGON weapons pack/Auge/Auge_c.png using Guid(e283a6de152611e4e9bbcb1f5d515f53) Importer(815301076,1909f56bfc062723c751e8b465ee728b)  -> (artifact id: 'f63cae0a57ab097b095bcf7ea5d3d216') in 0.064613 seconds 
  Import took 0.066917 seconds .

========================================================================
Received Import Request.
  Time since last request: 0.000257 seconds.
  path: Assets/POLYGON weapons/Assets_official/FBXTexMat/POLYGON weapons pack/revolver/Materials/revolver_cam.mat
  artifactKey: Guid(006d4c5d3d0b91f48848386de653f49e) Importer(815301076,1909f56bfc062723c751e8b465ee728b)
Start importing Assets/POLYGON weapons/Assets_official/FBXTexMat/POLYGON weapons pack/revolver/Materials/revolver_cam.mat using Guid(006d4c5d3d0b91f48848386de653f49e) Importer(815301076,1909f56bfc062723c751e8b465ee728b)  -> (artifact id: '7830d060408941ee6c415ad68dfbb3e0') in 0.013868 seconds 
  Import took 0.016519 seconds .

========================================================================
Received Import Request.
  Time since last request: 0.000273 seconds.
  path: Assets/POLYGON weapons/Assets_official/FBXTexMat/POLYGON weapons pack/Auge/Auge.fbx
  artifactKey: Guid(b4b4de34e07483541944d04d04236a5c) Importer(815301076,1909f56bfc062723c751e8b465ee728b)
Start importing Assets/POLYGON weapons/Assets_official/FBXTexMat/POLYGON weapons pack/Auge/Auge.fbx using Guid(b4b4de34e07483541944d04d04236a5c) Importer(815301076,1909f56bfc062723c751e8b465ee728b)  -> (artifact id: '6e8e0e54c8f5a1e601fe067c1f8e3ad7') in 0.049987 seconds 
  Import took 0.052777 seconds .

========================================================================
Received Import Request.
  Time since last request: 0.000255 seconds.
  path: Assets/POLYGON weapons/Assets_official/FBXTexMat/POLYGON weapons pack/HunterRifle/HunterRifle.fbx
  artifactKey: Guid(a214a4c9ee2069b419a59149a753e812) Importer(815301076,1909f56bfc062723c751e8b465ee728b)
Start importing Assets/POLYGON weapons/Assets_official/FBXTexMat/POLYGON weapons pack/HunterRifle/HunterRifle.fbx using Guid(a214a4c9ee2069b419a59149a753e812) Importer(815301076,1909f56bfc062723c751e8b465ee728b)  -> (artifact id: '5fb76d73591a0ebab52775352b3eef70') in 0.051401 seconds 
  Import took 0.054655 seconds .

========================================================================
Received Import Request.
  Time since last request: 0.000186 seconds.
  path: Assets/POLYGON weapons/Assets_official/FBXTexMat/POLYGON weapons pack/bullet_shells_fbxTexMat/45acp.mat
  artifactKey: Guid(d1834b472d6b36e4884b36a93b726946) Importer(815301076,1909f56bfc062723c751e8b465ee728b)
Start importing Assets/POLYGON weapons/Assets_official/FBXTexMat/POLYGON weapons pack/bullet_shells_fbxTexMat/45acp.mat using Guid(d1834b472d6b36e4884b36a93b726946) Importer(815301076,1909f56bfc062723c751e8b465ee728b)  -> (artifact id: '33245d9237c673995b19fff0e7acd755') in 0.017478 seconds 
  Import took 0.020273 seconds .

========================================================================
Received Import Request.
  Time since last request: 0.000231 seconds.
  path: Assets/POLYGON weapons/Assets_official/FBXTexMat/POLYGON weapons pack/Russian_sniper/Materials/Russian_sniper_cam.mat
  artifactKey: Guid(5d385a0fa7d02314f8788cce54f81d61) Importer(815301076,1909f56bfc062723c751e8b465ee728b)
Start importing Assets/POLYGON weapons/Assets_official/FBXTexMat/POLYGON weapons pack/Russian_sniper/Materials/Russian_sniper_cam.mat using Guid(5d385a0fa7d02314f8788cce54f81d61) Importer(815301076,1909f56bfc062723c751e8b465ee728b)  -> (artifact id: '1c37734958be128a10012ac30470ee86') in 0.016030 seconds 
  Import took 0.019247 seconds .

========================================================================
Received Import Request.
  Time since last request: 0.000232 seconds.
  path: Assets/POLYGON weapons/Assets_official/FBXTexMat/POLYGON weapons pack/HunterRifle/Materials/HunterRifle_cam.mat
  artifactKey: Guid(a48a7b8b6b0b78a4c8f457afe50f9288) Importer(815301076,1909f56bfc062723c751e8b465ee728b)
Start importing Assets/POLYGON weapons/Assets_official/FBXTexMat/POLYGON weapons pack/HunterRifle/Materials/HunterRifle_cam.mat using Guid(a48a7b8b6b0b78a4c8f457afe50f9288) Importer(815301076,1909f56bfc062723c751e8b465ee728b)  -> (artifact id: '5f928ef0da2c9c024a5188cd4ee1d873') in 0.010595 seconds 
  Import took 0.014083 seconds .

========================================================================
Received Import Request.
  Time since last request: 0.000255 seconds.
  path: Assets/POLYGON weapons/Assets_official/FBXTexMat/POLYGON weapons pack/equipment_mats/Scope_c/cam_5.renderTexture
  artifactKey: Guid(c071df7655a4b27439c83e0d5ebdb40f) Importer(815301076,1909f56bfc062723c751e8b465ee728b)
Start importing Assets/POLYGON weapons/Assets_official/FBXTexMat/POLYGON weapons pack/equipment_mats/Scope_c/cam_5.renderTexture using Guid(c071df7655a4b27439c83e0d5ebdb40f) Importer(815301076,1909f56bfc062723c751e8b465ee728b)  -> (artifact id: '51a197a94913f95427eb0a11cbf52f28') in 0.006285 seconds 
  Import took 0.009649 seconds .

========================================================================
Received Import Request.
  Time since last request: 0.000247 seconds.
  path: Assets/POLYGON weapons/Assets_official/FBXTexMat/POLYGON weapons pack/equipment_mats/Scope_a/cam_3.renderTexture
  artifactKey: Guid(0452888144d3f344491c7dbb0bf66e34) Importer(815301076,1909f56bfc062723c751e8b465ee728b)
Start importing Assets/POLYGON weapons/Assets_official/FBXTexMat/POLYGON weapons pack/equipment_mats/Scope_a/cam_3.renderTexture using Guid(0452888144d3f344491c7dbb0bf66e34) Importer(815301076,1909f56bfc062723c751e8b465ee728b)  -> (artifact id: 'cba8458af0f25de3302ddc2f757a40c2') in 0.007820 seconds 
  Import took 0.021840 seconds .

========================================================================
Received Import Request.
  Time since last request: 0.000203 seconds.
  path: Assets/POLYGON weapons/Assets_official/FBXTexMat/POLYGON weapons pack/equipment_mats/red_dot_e/Materials/cam_2.mat
  artifactKey: Guid(a244333a252caa542889ece3fd429ab3) Importer(815301076,1909f56bfc062723c751e8b465ee728b)
Start importing Assets/POLYGON weapons/Assets_official/FBXTexMat/POLYGON weapons pack/equipment_mats/red_dot_e/Materials/cam_2.mat using Guid(a244333a252caa542889ece3fd429ab3) Importer(815301076,1909f56bfc062723c751e8b465ee728b)  -> (artifact id: '89a25bc7965e0271fc689d2d81dbfae6') in 0.014137 seconds 
  Import took 0.017606 seconds .

========================================================================
Received Import Request.
  Time since last request: 0.000347 seconds.
  path: Assets/POLYGON weapons/Assets_official/FBXTexMat/POLYGON weapons pack/Shotgun3/Shotgun3.fbx
  artifactKey: Guid(31720e6c7a1e7fd4f8bfc8a26dc0236e) Importer(815301076,1909f56bfc062723c751e8b465ee728b)
Start importing Assets/POLYGON weapons/Assets_official/FBXTexMat/POLYGON weapons pack/Shotgun3/Shotgun3.fbx using Guid(31720e6c7a1e7fd4f8bfc8a26dc0236e) Importer(815301076,1909f56bfc062723c751e8b465ee728b)  -> (artifact id: 'e487094b4122b66cbd7d7c207da5140e') in 0.037993 seconds 
  Import took 0.041465 seconds .

========================================================================
Received Import Request.
  Time since last request: 0.000192 seconds.
  path: Assets/POLYGON weapons/Assets_official/FBXTexMat/POLYGON weapons pack/equipment_mats/red_dot_c/Materials/Cam_1.mat
  artifactKey: Guid(fc0058242bbeea448951beb09dc8f149) Importer(815301076,1909f56bfc062723c751e8b465ee728b)
Start importing Assets/POLYGON weapons/Assets_official/FBXTexMat/POLYGON weapons pack/equipment_mats/red_dot_c/Materials/Cam_1.mat using Guid(fc0058242bbeea448951beb09dc8f149) Importer(815301076,1909f56bfc062723c751e8b465ee728b)  -> (artifact id: 'c02f0f5460063d2def80a37a38c1e143') in 0.014258 seconds 
  Import took 0.017170 seconds .

========================================================================
Received Import Request.
  Time since last request: 0.000360 seconds.
  path: Assets/POLYGON weapons/Assets_official/FBXTexMat/POLYGON weapons pack/Submachine5/Submachine5.fbx
  artifactKey: Guid(8beffb4d61119054196cdbae25348281) Importer(815301076,1909f56bfc062723c751e8b465ee728b)
Start importing Assets/POLYGON weapons/Assets_official/FBXTexMat/POLYGON weapons pack/Submachine5/Submachine5.fbx using Guid(8beffb4d61119054196cdbae25348281) Importer(815301076,1909f56bfc062723c751e8b465ee728b)  -> (artifact id: 'cfe815b604a205decb1bc67b3c312a76') in 0.056919 seconds 
  Import took 0.060539 seconds .

========================================================================
Received Import Request.
  Time since last request: 0.000196 seconds.
  path: Assets/POLYGON weapons/Assets_official/FBXTexMat/POLYGON weapons pack/equipment_mats/Scope_b/Scope_b.fbx
  artifactKey: Guid(bb04629bdb9d4d04290baf771d7dc49f) Importer(815301076,1909f56bfc062723c751e8b465ee728b)
Start importing Assets/POLYGON weapons/Assets_official/FBXTexMat/POLYGON weapons pack/equipment_mats/Scope_b/Scope_b.fbx using Guid(bb04629bdb9d4d04290baf771d7dc49f) Importer(815301076,1909f56bfc062723c751e8b465ee728b)  -> (artifact id: 'b941d4d6eb33125d11cc998838f9bd84') in 0.059756 seconds 
  Import took 0.062074 seconds .

========================================================================
Received Import Request.
  Time since last request: 0.000202 seconds.
  path: Assets/POLYGON weapons/Assets_official/FBXTexMat/POLYGON weapons pack/equipment_mats/red_dot_c/Cam_1.renderTexture
  artifactKey: Guid(90c746d58f746034bb5181b9fe46880c) Importer(815301076,1909f56bfc062723c751e8b465ee728b)
Start importing Assets/POLYGON weapons/Assets_official/FBXTexMat/POLYGON weapons pack/equipment_mats/red_dot_c/Cam_1.renderTexture using Guid(90c746d58f746034bb5181b9fe46880c) Importer(815301076,1909f56bfc062723c751e8b465ee728b)  -> (artifact id: '1855060a5c3ec6ee4f118bb4b1f97455') in 0.005841 seconds 
  Import took 0.008855 seconds .

========================================================================
Received Import Request.
  Time since last request: 0.000287 seconds.
  path: Assets/POLYGON weapons/Show_scene_unofficial/Data/Lamp.fbx
  artifactKey: Guid(5569a6e25e81ded41994d557209f2793) Importer(815301076,1909f56bfc062723c751e8b465ee728b)
Start importing Assets/POLYGON weapons/Show_scene_unofficial/Data/Lamp.fbx using Guid(5569a6e25e81ded41994d557209f2793) Importer(815301076,1909f56bfc062723c751e8b465ee728b)  -> (artifact id: 'd6d38f5b0dddf22b4658a620e08f4b95') in 0.065574 seconds 
  Import took 0.070630 seconds .

========================================================================
Received Import Request.
  Time since last request: 0.000259 seconds.
  path: Assets/POLYGON weapons/Assets_official/FBXTexMat/POLYGON weapons pack/Buzzsub/Buzzsub_c.png
  artifactKey: Guid(a8a234f2551a00d418c6ddf3488233ca) Importer(815301076,1909f56bfc062723c751e8b465ee728b)
Start importing Assets/POLYGON weapons/Assets_official/FBXTexMat/POLYGON weapons pack/Buzzsub/Buzzsub_c.png using Guid(a8a234f2551a00d418c6ddf3488233ca) Importer(815301076,1909f56bfc062723c751e8b465ee728b)  -> (artifact id: 'aaede0ecc68c4594b72c0501c32eb4bb') in 0.012500 seconds 
  Import took 0.016415 seconds .

========================================================================
Received Import Request.
  Time since last request: 0.000247 seconds.
  path: Assets/POLYGON weapons/Assets_official/FBXTexMat/POLYGON weapons pack/equipment_mats/red_dot_c/red_dot_c.fbx
  artifactKey: Guid(18da6e425a09bcf47b4cf83ec058b009) Importer(815301076,1909f56bfc062723c751e8b465ee728b)
Start importing Assets/POLYGON weapons/Assets_official/FBXTexMat/POLYGON weapons pack/equipment_mats/red_dot_c/red_dot_c.fbx using Guid(18da6e425a09bcf47b4cf83ec058b009) Importer(815301076,1909f56bfc062723c751e8b465ee728b)  -> (artifact id: 'd759e885130354195ac2c213e0d35779') in 0.051603 seconds 
  Import took 0.054328 seconds .

========================================================================
Received Import Request.
  Time since last request: 0.000186 seconds.
  path: Assets/POLYGON weapons/Assets_official/FBXTexMat/POLYGON weapons pack/equipment_mats/Scope_c/scope_c.fbx
  artifactKey: Guid(e3d181bd30f419045a9916cbbd7b0f43) Importer(815301076,1909f56bfc062723c751e8b465ee728b)
Start importing Assets/POLYGON weapons/Assets_official/FBXTexMat/POLYGON weapons pack/equipment_mats/Scope_c/scope_c.fbx using Guid(e3d181bd30f419045a9916cbbd7b0f43) Importer(815301076,1909f56bfc062723c751e8b465ee728b)  -> (artifact id: '8fe3c4ddd9fb9ec45057144b69ff94f9') in 0.061015 seconds 
  Import took 0.063364 seconds .

========================================================================
Received Import Request.
  Time since last request: 0.000235 seconds.
  path: Assets/POLYGON weapons/Show_scene_unofficial/2mCube_prefab.prefab
  artifactKey: Guid(1a5fde4a02204c145834b2da8846dde0) Importer(815301076,1909f56bfc062723c751e8b465ee728b)
Start importing Assets/POLYGON weapons/Show_scene_unofficial/2mCube_prefab.prefab using Guid(1a5fde4a02204c145834b2da8846dde0) Importer(815301076,1909f56bfc062723c751e8b465ee728b)  -> (artifact id: '15da44f25c85e43daf463e13c2897391') in 0.017765 seconds 
  Import took 0.051281 seconds .

========================================================================
Received Import Request.
  Time since last request: 0.000426 seconds.
  path: Assets/POLYGON weapons/Assets_official/bullet_shells_assets/45acp_prefab.prefab
  artifactKey: Guid(0035e33c1d9673a4f8a0aa7a0ed21032) Importer(815301076,1909f56bfc062723c751e8b465ee728b)
Start importing Assets/POLYGON weapons/Assets_official/bullet_shells_assets/45acp_prefab.prefab using Guid(0035e33c1d9673a4f8a0aa7a0ed21032) Importer(815301076,1909f56bfc062723c751e8b465ee728b)  -> (artifact id: 'c121d3c71b6595f71a80a2df8ac8ae57') in 0.017892 seconds 
  Import took 0.021985 seconds .

========================================================================
Received Import Request.
  Time since last request: 0.000223 seconds.
  path: Assets/POLYGON weapons/Assets_official/FBXTexMat/POLYGON weapons pack/bullet_shells_fbxTexMat/45acp.fbx
  artifactKey: Guid(6e74a0c8675ce894db1108e0fc162983) Importer(815301076,1909f56bfc062723c751e8b465ee728b)
Start importing Assets/POLYGON weapons/Assets_official/FBXTexMat/POLYGON weapons pack/bullet_shells_fbxTexMat/45acp.fbx using Guid(6e74a0c8675ce894db1108e0fc162983) Importer(815301076,1909f56bfc062723c751e8b465ee728b)  -> (artifact id: '54d4af16993c84dbdd028c8c64104886') in 0.025532 seconds 
  Import took 0.028395 seconds .

========================================================================
Received Import Request.
  Time since last request: 0.000212 seconds.
  path: Assets/POLYGON weapons/Assets_official/FBXTexMat/POLYGON weapons pack/bullet_shells_fbxTexMat/45acp.png
  artifactKey: Guid(d81eafb4e53fe3343a844cbe6ac689da) Importer(815301076,1909f56bfc062723c751e8b465ee728b)
Start importing Assets/POLYGON weapons/Assets_official/FBXTexMat/POLYGON weapons pack/bullet_shells_fbxTexMat/45acp.png using Guid(d81eafb4e53fe3343a844cbe6ac689da) Importer(815301076,1909f56bfc062723c751e8b465ee728b)  -> (artifact id: '232f2781117abb7bbb1fff316e04b676') in 0.012083 seconds 
  Import took 0.015092 seconds .

========================================================================
Received Import Request.
  Time since last request: 0.000206 seconds.
  path: Assets/POLYGON weapons/Assets_official/FBXTexMat/POLYGON weapons pack/Russian_sniper/Russian_sniper.fbx
  artifactKey: Guid(940fdf892d907034fb694a9b20734576) Importer(815301076,1909f56bfc062723c751e8b465ee728b)
Start importing Assets/POLYGON weapons/Assets_official/FBXTexMat/POLYGON weapons pack/Russian_sniper/Russian_sniper.fbx using Guid(940fdf892d907034fb694a9b20734576) Importer(815301076,1909f56bfc062723c751e8b465ee728b)  -> (artifact id: '747ad7de6f6f719b1a041cc540f5ad5b') in 0.065659 seconds 
  Import took 0.068731 seconds .

========================================================================
Received Import Request.
  Time since last request: 0.000224 seconds.
  path: Assets/POLYGON weapons/Assets_official/FBXTexMat/POLYGON weapons pack/sce5/sce5.fbx
  artifactKey: Guid(813121263cca5ec4a98950a8d9e5a6a7) Importer(815301076,1909f56bfc062723c751e8b465ee728b)
Start importing Assets/POLYGON weapons/Assets_official/FBXTexMat/POLYGON weapons pack/sce5/sce5.fbx using Guid(813121263cca5ec4a98950a8d9e5a6a7) Importer(815301076,1909f56bfc062723c751e8b465ee728b)  -> (artifact id: '707e4918fc1669db730c2cac7cd9d189') in 0.060100 seconds 
  Import took 0.063001 seconds .

========================================================================
Received Import Request.
  Time since last request: 0.000192 seconds.
  path: Assets/POLYGON weapons/Assets_official/FBXTexMat/POLYGON weapons pack/grenade_launcher/grenade_launcher.fbx
  artifactKey: Guid(255ca986eb3068e488fdf056f3346d71) Importer(815301076,1909f56bfc062723c751e8b465ee728b)
Start importing Assets/POLYGON weapons/Assets_official/FBXTexMat/POLYGON weapons pack/grenade_launcher/grenade_launcher.fbx using Guid(255ca986eb3068e488fdf056f3346d71) Importer(815301076,1909f56bfc062723c751e8b465ee728b)  -> (artifact id: '0e41c761e0dfd93e7aedffbec04d070a') in 0.098836 seconds 
  Import took 0.101422 seconds .

========================================================================
Received Import Request.
  Time since last request: 0.000220 seconds.
  path: Assets/POLYGON weapons/Assets_official/FBXTexMat/POLYGON weapons pack/equipment_mats/red_dot_e/cam_2.renderTexture
  artifactKey: Guid(f85867431994ba447b8b3805f04e3c8d) Importer(815301076,1909f56bfc062723c751e8b465ee728b)
Start importing Assets/POLYGON weapons/Assets_official/FBXTexMat/POLYGON weapons pack/equipment_mats/red_dot_e/cam_2.renderTexture using Guid(f85867431994ba447b8b3805f04e3c8d) Importer(815301076,1909f56bfc062723c751e8b465ee728b)  -> (artifact id: 'cea88df8c14054899e8e05e5dbc199d5') in 0.005563 seconds 
  Import took 0.008502 seconds .

========================================================================
Received Import Request.
  Time since last request: 0.000272 seconds.
  path: Assets/POLYGON weapons/Assets_official/FBXTexMat/POLYGON weapons pack/revolver/revolver.fbx
  artifactKey: Guid(5b3a6acff5e4f004b8d61738dfa20bdd) Importer(815301076,1909f56bfc062723c751e8b465ee728b)
Start importing Assets/POLYGON weapons/Assets_official/FBXTexMat/POLYGON weapons pack/revolver/revolver.fbx using Guid(5b3a6acff5e4f004b8d61738dfa20bdd) Importer(815301076,1909f56bfc062723c751e8b465ee728b)  -> (artifact id: 'c32392977fdf8defb40a8328c97686f0') in 0.114196 seconds 
  Import took 0.119477 seconds .

========================================================================
Received Import Request.
  Time since last request: 0.000186 seconds.
  path: Assets/POLYGON weapons/Assets_official/FBXTexMat/POLYGON weapons pack/grenade_launcher/grenade_launcher_cam.renderTexture
  artifactKey: Guid(35ae99d246859034496be79c09189d9b) Importer(815301076,1909f56bfc062723c751e8b465ee728b)
Start importing Assets/POLYGON weapons/Assets_official/FBXTexMat/POLYGON weapons pack/grenade_launcher/grenade_launcher_cam.renderTexture using Guid(35ae99d246859034496be79c09189d9b) Importer(815301076,1909f56bfc062723c751e8b465ee728b)  -> (artifact id: 'b2c4f7e0d9aab31001fe96482e0ba153') in 0.012058 seconds 
  Import took 0.016061 seconds .

========================================================================
Received Import Request.
  Time since last request: 0.000244 seconds.
  path: Assets/POLYGON weapons/Assets_official/FBXTexMat/POLYGON weapons pack/Auge/Materials/AugeCam.mat
  artifactKey: Guid(b4fefa7d88c99d24393c010f3b4b3eaf) Importer(815301076,1909f56bfc062723c751e8b465ee728b)
Start importing Assets/POLYGON weapons/Assets_official/FBXTexMat/POLYGON weapons pack/Auge/Materials/AugeCam.mat using Guid(b4fefa7d88c99d24393c010f3b4b3eaf) Importer(815301076,1909f56bfc062723c751e8b465ee728b)  -> (artifact id: 'ab453d114eb70554ca585afe514deb2e') in 0.009150 seconds 
  Import took 0.012448 seconds .

========================================================================
Received Import Request.
  Time since last request: 0.000255 seconds.
  path: Assets/POLYGON weapons/Assets_official/FBXTexMat/POLYGON weapons pack/Buzzsub/Buzzsub_c.mat
  artifactKey: Guid(e9eec334e0d83f54e8eaa042a6252bfe) Importer(815301076,1909f56bfc062723c751e8b465ee728b)
Start importing Assets/POLYGON weapons/Assets_official/FBXTexMat/POLYGON weapons pack/Buzzsub/Buzzsub_c.mat using Guid(e9eec334e0d83f54e8eaa042a6252bfe) Importer(815301076,1909f56bfc062723c751e8b465ee728b)  -> (artifact id: '22cfcc7f79cf590668fd84e8a13df139') in 0.015426 seconds 
  Import took 0.018987 seconds .

========================================================================
Received Import Request.
  Time since last request: 0.000495 seconds.
  path: Assets/POLYGON weapons/Assets_official/FBXTexMat/POLYGON weapons pack/Russian_sniper/Russian_sniper_cam.renderTexture
  artifactKey: Guid(69ed900a10b12cd438fd2eec0f76303d) Importer(815301076,1909f56bfc062723c751e8b465ee728b)
Start importing Assets/POLYGON weapons/Assets_official/FBXTexMat/POLYGON weapons pack/Russian_sniper/Russian_sniper_cam.renderTexture using Guid(69ed900a10b12cd438fd2eec0f76303d) Importer(815301076,1909f56bfc062723c751e8b465ee728b)  -> (artifact id: '8a7a0adbfd2cabfbe8371ebac3ec5739') in 0.008105 seconds 
  Import took 0.011918 seconds .

========================================================================
Received Import Request.
  Time since last request: 0.000307 seconds.
  path: Assets/POLYGON weapons/Assets_official/FBXTexMat/POLYGON weapons pack/equipment_mats/red_dot_e/red_dot_e.fbx
  artifactKey: Guid(c679c854d0570d842a6a0e5eb07e1c45) Importer(815301076,1909f56bfc062723c751e8b465ee728b)
Start importing Assets/POLYGON weapons/Assets_official/FBXTexMat/POLYGON weapons pack/equipment_mats/red_dot_e/red_dot_e.fbx using Guid(c679c854d0570d842a6a0e5eb07e1c45) Importer(815301076,1909f56bfc062723c751e8b465ee728b)  -> (artifact id: '4424106f10dc3c20ebe96bd62f4fc170') in 0.054337 seconds 
  Import took 0.057104 seconds .

========================================================================
Received Import Request.
  Time since last request: 0.000181 seconds.
  path: Assets/POLYGON weapons/Assets_official/FBXTexMat/POLYGON weapons pack/grenade_launcher/Materials/grenade_launcher_cam.mat
  artifactKey: Guid(b82c08d9cfdd95547901429adf413c85) Importer(815301076,1909f56bfc062723c751e8b465ee728b)
Start importing Assets/POLYGON weapons/Assets_official/FBXTexMat/POLYGON weapons pack/grenade_launcher/Materials/grenade_launcher_cam.mat using Guid(b82c08d9cfdd95547901429adf413c85) Importer(815301076,1909f56bfc062723c751e8b465ee728b)  -> (artifact id: 'f8fd03fae64e410fa2b0b556b8cc6912') in 0.008572 seconds 
  Import took 0.011237 seconds .

========================================================================
Received Import Request.
  Time since last request: 0.000252 seconds.
  path: Assets/POLYGON weapons/Assets_official/FBXTexMat/POLYGON weapons pack/revolver/revolver_cam.renderTexture
  artifactKey: Guid(04933b1545533c643a509adb58f1c720) Importer(815301076,1909f56bfc062723c751e8b465ee728b)
Start importing Assets/POLYGON weapons/Assets_official/FBXTexMat/POLYGON weapons pack/revolver/revolver_cam.renderTexture using Guid(04933b1545533c643a509adb58f1c720) Importer(815301076,1909f56bfc062723c751e8b465ee728b)  -> (artifact id: '0b4a7ad39f2e40e943d496887f14e70f') in 0.008470 seconds 
  Import took 0.012786 seconds .

========================================================================
Received Import Request.
  Time since last request: 11.591406 seconds.
  path: Assets/POLYGON weapons/Show_scene_unofficial
  artifactKey: Guid(ed5006e9ed3c34041a83172a29985c23) Importer(815301076,1909f56bfc062723c751e8b465ee728b)
Start importing Assets/POLYGON weapons/Show_scene_unofficial using Guid(ed5006e9ed3c34041a83172a29985c23) Importer(815301076,1909f56bfc062723c751e8b465ee728b)  -> (artifact id: '5fefcf2cffe4657b9df11b73e2248971') in 0.012860 seconds 
  Import took 0.015602 seconds .

========================================================================
Received Import Request.
  Time since last request: 0.070203 seconds.
  path: Assets/POLYGON weapons/Show_scene_unofficial/aim_on_prefab.prefab
  artifactKey: Guid(5a053ed8548b39f4d9db17bbc297e35a) Importer(815301076,1909f56bfc062723c751e8b465ee728b)
Start importing Assets/POLYGON weapons/Show_scene_unofficial/aim_on_prefab.prefab using Guid(5a053ed8548b39f4d9db17bbc297e35a) Importer(815301076,1909f56bfc062723c751e8b465ee728b)  -> (artifact id: 'f34d46b076e366709bafd56cff45f7d9') in 0.019255 seconds 
  Import took 0.021972 seconds .

========================================================================
Received Import Request.
  Time since last request: 0.000286 seconds.
  path: Assets/POLYGON weapons/Show_scene_unofficial/Lamp_prefab.prefab
  artifactKey: Guid(32dc65a3a7a44ff4b8b3c18ede5b36d5) Importer(815301076,1909f56bfc062723c751e8b465ee728b)
Start importing Assets/POLYGON weapons/Show_scene_unofficial/Lamp_prefab.prefab using Guid(32dc65a3a7a44ff4b8b3c18ede5b36d5) Importer(815301076,1909f56bfc062723c751e8b465ee728b)  -> (artifact id: '48d707fd1c7b8364bb47708b9c1d805d') in 0.118116 seconds 
  Import took 0.120423 seconds .

========================================================================
Received Import Request.
  Time since last request: 0.000186 seconds.
  path: Assets/POLYGON weapons/Show_scene_unofficial/dummy_prefab.prefab
  artifactKey: Guid(9fbaf23d0e2e61d4086217df83694f06) Importer(815301076,1909f56bfc062723c751e8b465ee728b)
Start importing Assets/POLYGON weapons/Show_scene_unofficial/dummy_prefab.prefab using Guid(9fbaf23d0e2e61d4086217df83694f06) Importer(815301076,1909f56bfc062723c751e8b465ee728b)  -> (artifact id: 'c385ce65350485d3ec679392af4ee30c') in 0.021199 seconds 
  Import took 0.023567 seconds .

========================================================================
Received Import Request.
  Time since last request: 0.000278 seconds.
  path: Assets/POLYGON weapons/Show_scene_unofficial/Polygon_weapons_sign_prefab 1.prefab
  artifactKey: Guid(fed8fe0f3f0c0444297726833a7ca34f) Importer(815301076,1909f56bfc062723c751e8b465ee728b)
Start importing Assets/POLYGON weapons/Show_scene_unofficial/Polygon_weapons_sign_prefab 1.prefab using Guid(fed8fe0f3f0c0444297726833a7ca34f) Importer(815301076,1909f56bfc062723c751e8b465ee728b)  -> (artifact id: 'bb42a87a0bc60e77785ec6877c743369') in 0.033864 seconds 
  Import took 0.071903 seconds .

========================================================================
Received Import Request.
  Time since last request: 0.000362 seconds.
  path: Assets/POLYGON weapons/Show_scene_unofficial/Show_scene_no_assets_prefab.prefab
  artifactKey: Guid(7148fcb279ccc70488e5f662ce0b36d0) Importer(815301076,1909f56bfc062723c751e8b465ee728b)
Start importing Assets/POLYGON weapons/Show_scene_unofficial/Show_scene_no_assets_prefab.prefab using Guid(7148fcb279ccc70488e5f662ce0b36d0) Importer(815301076,1909f56bfc062723c751e8b465ee728b)  -> (artifact id: '1e0396949bd8da5218253ad19cc61f6d') in 0.037677 seconds 
  Import took 0.040251 seconds .

========================================================================
Received Import Request.
  Time since last request: 3.293551 seconds.
  path: Assets/POLYGON weapons/Scenes
  artifactKey: Guid(8d691f765434c48448fe7955b479c59a) Importer(815301076,1909f56bfc062723c751e8b465ee728b)
Start importing Assets/POLYGON weapons/Scenes using Guid(8d691f765434c48448fe7955b479c59a) Importer(815301076,1909f56bfc062723c751e8b465ee728b)  -> (artifact id: '2647e52c864a1ec3d557214b1044ccd2') in 0.009639 seconds 
  Import took 0.012369 seconds .

========================================================================
Received Import Request.
  Time since last request: 1.842241 seconds.
  path: Assets/POLYGON weapons/Assets_official/Auge_prefab.prefab
  artifactKey: Guid(77dc6672ee707d54fb653c4e5687ec59) Importer(815301076,1909f56bfc062723c751e8b465ee728b)
Start importing Assets/POLYGON weapons/Assets_official/Auge_prefab.prefab using Guid(77dc6672ee707d54fb653c4e5687ec59) Importer(815301076,1909f56bfc062723c751e8b465ee728b)  -> (artifact id: '3e423dfd5470f07a4aa494614f5a471a') in 0.027372 seconds 
  Import took 0.032738 seconds .

========================================================================
Received Import Request.
  Time since last request: 4.006030 seconds.
  path: Assets/POLYGON weapons/Assets_official/bullet_shells_assets
  artifactKey: Guid(dd7e7f789290f724db1193d4999ee663) Importer(815301076,1909f56bfc062723c751e8b465ee728b)
Start importing Assets/POLYGON weapons/Assets_official/bullet_shells_assets using Guid(dd7e7f789290f724db1193d4999ee663) Importer(815301076,1909f56bfc062723c751e8b465ee728b)  -> (artifact id: 'b4239cae3eaa9ef0d5d9aa09b0167267') in 0.009051 seconds 
  Import took 0.011631 seconds .

========================================================================
Received Import Request.
  Time since last request: 0.062354 seconds.
  path: Assets/POLYGON weapons/Assets_official/bullet_shells_assets/5,56x45_prefab.prefab
  artifactKey: Guid(89cf3ca4eec739447b9c494f5f529498) Importer(815301076,1909f56bfc062723c751e8b465ee728b)
Start importing Assets/POLYGON weapons/Assets_official/bullet_shells_assets/5,56x45_prefab.prefab using Guid(89cf3ca4eec739447b9c494f5f529498) Importer(815301076,1909f56bfc062723c751e8b465ee728b)  -> (artifact id: 'a786af06ac43f1016ae66f7477f415e7') in 0.018308 seconds 
  Import took 0.020945 seconds .

========================================================================
Received Import Request.
  Time since last request: 0.000190 seconds.
  path: Assets/POLYGON weapons/Assets_official/bullet_shells_assets/7,62x54_prefab.prefab
  artifactKey: Guid(072b09f469defef4a91d31f821873a7b) Importer(815301076,1909f56bfc062723c751e8b465ee728b)
Start importing Assets/POLYGON weapons/Assets_official/bullet_shells_assets/7,62x54_prefab.prefab using Guid(072b09f469defef4a91d31f821873a7b) Importer(815301076,1909f56bfc062723c751e8b465ee728b)  -> (artifact id: 'fc2f0f214688020c086b71b9a0ef7f14') in 0.014666 seconds 
  Import took 0.017204 seconds .

========================================================================
Received Import Request.
  Time since last request: 0.000301 seconds.
  path: Assets/POLYGON weapons/Assets_official/bullet_shells_assets/12gauge_prefab.prefab
  artifactKey: Guid(04c87384bf0fddd4ebdcf2aeeb697997) Importer(815301076,1909f56bfc062723c751e8b465ee728b)
Start importing Assets/POLYGON weapons/Assets_official/bullet_shells_assets/12gauge_prefab.prefab using Guid(04c87384bf0fddd4ebdcf2aeeb697997) Importer(815301076,1909f56bfc062723c751e8b465ee728b)  -> (artifact id: '65645d7dc47fb3ff87b0d0248adfb27a') in 0.014175 seconds 
  Import took 0.018256 seconds .

========================================================================
Received Import Request.
  Time since last request: 0.000283 seconds.
  path: Assets/POLYGON weapons/Assets_official/bullet_shells_assets/7,62x39_prefab.prefab
  artifactKey: Guid(9cf0be2ddff504949b6874bc926b796f) Importer(815301076,1909f56bfc062723c751e8b465ee728b)
Start importing Assets/POLYGON weapons/Assets_official/bullet_shells_assets/7,62x39_prefab.prefab using Guid(9cf0be2ddff504949b6874bc926b796f) Importer(815301076,1909f56bfc062723c751e8b465ee728b)  -> (artifact id: '495234510a05e0cd0f683b6b40cfda23') in 0.016550 seconds 
  Import took 0.019533 seconds .

========================================================================
Received Import Request.
  Time since last request: 0.000279 seconds.
  path: Assets/POLYGON weapons/Assets_official/bullet_shells_assets/5.7x28_prefab.prefab
  artifactKey: Guid(ccc9fc532e2e38b4e863e81be8c225a7) Importer(815301076,1909f56bfc062723c751e8b465ee728b)
Start importing Assets/POLYGON weapons/Assets_official/bullet_shells_assets/5.7x28_prefab.prefab using Guid(ccc9fc532e2e38b4e863e81be8c225a7) Importer(815301076,1909f56bfc062723c751e8b465ee728b)  -> (artifact id: '65377dee29c04567dc4d2fd40b1012ca') in 0.017006 seconds 
  Import took 0.020696 seconds .

========================================================================
Received Import Request.
  Time since last request: 0.000509 seconds.
  path: Assets/POLYGON weapons/Assets_official/bullet_shells_assets/9mm_prefab.prefab
  artifactKey: Guid(ee95a4f186d76ab40bb754a51899c3a4) Importer(815301076,1909f56bfc062723c751e8b465ee728b)
Start importing Assets/POLYGON weapons/Assets_official/bullet_shells_assets/9mm_prefab.prefab using Guid(ee95a4f186d76ab40bb754a51899c3a4) Importer(815301076,1909f56bfc062723c751e8b465ee728b)  -> (artifact id: '11927d1ab5e90f0253746bb47662148c') in 0.018881 seconds 
  Import took 0.022710 seconds .

========================================================================
Received Import Request.
  Time since last request: 0.000332 seconds.
  path: Assets/POLYGON weapons/Assets_official/bullet_shells_assets/magnum_prefab.prefab
  artifactKey: Guid(5df70ab01958d7f48957c3c19d5c1516) Importer(815301076,1909f56bfc062723c751e8b465ee728b)
Start importing Assets/POLYGON weapons/Assets_official/bullet_shells_assets/magnum_prefab.prefab using Guid(5df70ab01958d7f48957c3c19d5c1516) Importer(815301076,1909f56bfc062723c751e8b465ee728b)  -> (artifact id: '3bb2e95dbe299ce71b5fc98d6bc319a9') in 0.016535 seconds 
  Import took 0.152999 seconds .

========================================================================
Received Import Request.
  Time since last request: 0.000701 seconds.
  path: Assets/POLYGON weapons/Assets_official/bullet_shells_assets/12,7  99_prefab.prefab
  artifactKey: Guid(46987e56b43ba3a4e95ca266a6ef248c) Importer(815301076,1909f56bfc062723c751e8b465ee728b)
Start importing Assets/POLYGON weapons/Assets_official/bullet_shells_assets/12,7  99_prefab.prefab using Guid(46987e56b43ba3a4e95ca266a6ef248c) Importer(815301076,1909f56bfc062723c751e8b465ee728b)  -> (artifact id: 'f563022602b51dc9e628745dd08ad674') in 0.026127 seconds 
  Import took 0.030988 seconds .

========================================================================
Received Import Request.
  Time since last request: 0.000180 seconds.
  path: Assets/POLYGON weapons/Assets_official/bullet_shells_assets/M32_40mm_grenade_prefab.prefab
  artifactKey: Guid(4eff889102226024d8f08b667f8b2971) Importer(815301076,1909f56bfc062723c751e8b465ee728b)
Start importing Assets/POLYGON weapons/Assets_official/bullet_shells_assets/M32_40mm_grenade_prefab.prefab using Guid(4eff889102226024d8f08b667f8b2971) Importer(815301076,1909f56bfc062723c751e8b465ee728b)  -> (artifact id: '18a506c0b33a4955de8dae5e102af34a') in 0.016198 seconds 
  Import took 0.019856 seconds .

========================================================================
Received Import Request.
  Time since last request: 3.784247 seconds.
  path: Assets/Materials/mint.mat
  artifactKey: Guid(b70cc577b66d7664f81d5994529cb0b0) Importer(815301076,1909f56bfc062723c751e8b465ee728b)
Start importing Assets/Materials/mint.mat using Guid(b70cc577b66d7664f81d5994529cb0b0) Importer(815301076,1909f56bfc062723c751e8b465ee728b)  -> (artifact id: '31feb7c52c53a0a2e047a19a57d81652') in 0.014028 seconds 
  Import took 0.017405 seconds .

========================================================================
Received Import Request.
  Time since last request: 2.046101 seconds.
  path: Assets/POLYGON weapons
  artifactKey: Guid(040baa648b1e38b4690f19c41ae22d1b) Importer(815301076,1909f56bfc062723c751e8b465ee728b)
Start importing Assets/POLYGON weapons using Guid(040baa648b1e38b4690f19c41ae22d1b) Importer(815301076,1909f56bfc062723c751e8b465ee728b)  -> (artifact id: '6463b418b68c1499c4e69e6634f982f6') in 0.009927 seconds 
  Import took 0.025523 seconds .

========================================================================
Received Import Request.
  Time since last request: 570.064766 seconds.
  path: Assets/AssetsBackup/Uzi.prefab
  artifactKey: Guid(cd874da41747c0749862cd81ae4b2352) Importer(815301076,1909f56bfc062723c751e8b465ee728b)
Start importing Assets/AssetsBackup/Uzi.prefab using Guid(cd874da41747c0749862cd81ae4b2352) Importer(815301076,1909f56bfc062723c751e8b465ee728b)  -> (artifact id: '8ace6fd189f98d781ae5468d1b1f68f4') in 0.021941 seconds 
  Import took 0.025849 seconds .

========================================================================
Received Import Request.
  Time since last request: 52.694769 seconds.
  path: Assets/AssetsBackup/Uzi - Copy.prefab
  artifactKey: Guid(86cadb0e9eb2d1d46a11259ca3d6ab73) Importer(815301076,1909f56bfc062723c751e8b465ee728b)
Start importing Assets/AssetsBackup/Uzi - Copy.prefab using Guid(86cadb0e9eb2d1d46a11259ca3d6ab73) Importer(815301076,1909f56bfc062723c751e8b465ee728b)  -> (artifact id: '6732881c4bfdaa8f1ef395ba59b550f5') in 0.020313 seconds 
  Import took 0.023753 seconds .

========================================================================
Received Import Request.
  Time since last request: 17.029975 seconds.
  path: Assets/AssetsBackup/Uzi1.prefab
  artifactKey: Guid(86cadb0e9eb2d1d46a11259ca3d6ab73) Importer(815301076,1909f56bfc062723c751e8b465ee728b)
Start importing Assets/AssetsBackup/Uzi1.prefab using Guid(86cadb0e9eb2d1d46a11259ca3d6ab73) Importer(815301076,1909f56bfc062723c751e8b465ee728b)  -> (artifact id: '4c1de50cde3bec06818449adf929f80c') in 0.017391 seconds 
  Import took 0.021253 seconds .

========================================================================
Received Import Request.
  Time since last request: 145.710926 seconds.
  path: Assets/AssetsBackup/Uzi - Copy.prefab
  artifactKey: Guid(96b04534b85cde140a514bf9ace05271) Importer(815301076,1909f56bfc062723c751e8b465ee728b)
Start importing Assets/AssetsBackup/Uzi - Copy.prefab using Guid(96b04534b85cde140a514bf9ace05271) Importer(815301076,1909f56bfc062723c751e8b465ee728b)  -> (artifact id: 'bc80796894b0d2f07b83439af284782f') in 0.013436 seconds 
  Import took 0.016708 seconds .

========================================================================
Received Import Request.
  Time since last request: 29.113790 seconds.
  path: Assets/AssetsBackup/Uzi - Copy.prefab
  artifactKey: Guid(96b04534b85cde140a514bf9ace05271) Importer(815301076,1909f56bfc062723c751e8b465ee728b)
Start importing Assets/AssetsBackup/Uzi - Copy.prefab using Guid(96b04534b85cde140a514bf9ace05271) Importer(815301076,1909f56bfc062723c751e8b465ee728b)  -> (artifact id: 'd1d20a63fb3f762ee34ad209e95063db') in 0.012028 seconds 
  Import took 0.014531 seconds .

========================================================================
Received Import Request.
  Time since last request: 506.524876 seconds.
  path: Assets/AssetsBackup/Rifle.prefab
  artifactKey: Guid(88ea1d1a8ab1fbf45864becdaa9e73cf) Importer(815301076,1909f56bfc062723c751e8b465ee728b)
Start importing Assets/AssetsBackup/Rifle.prefab using Guid(88ea1d1a8ab1fbf45864becdaa9e73cf) Importer(815301076,1909f56bfc062723c751e8b465ee728b)  -> (artifact id: '6db5eb290238f7abb621b601db69aeb0') in 0.020943 seconds 
  Import took 0.025240 seconds .

========================================================================
Received Import Request.
  Time since last request: 357.667503 seconds.
  path: Assets/AssetsBackup/Pistol.prefab
  artifactKey: Guid(2c2c7b75e510cdb4aae9c1345e514266) Importer(815301076,1909f56bfc062723c751e8b465ee728b)
Start importing Assets/AssetsBackup/Pistol.prefab using Guid(2c2c7b75e510cdb4aae9c1345e514266) Importer(815301076,1909f56bfc062723c751e8b465ee728b)  -> (artifact id: '0a2f3d7065f210424d32a489de94da76') in 0.020079 seconds 
  Import took 0.025560 seconds .

========================================================================
Received Import Request.
  Time since last request: 50.692896 seconds.
  path: Assets/AssetsBackup/Pistol.prefab
  artifactKey: Guid(2c2c7b75e510cdb4aae9c1345e514266) Importer(815301076,1909f56bfc062723c751e8b465ee728b)
Start importing Assets/AssetsBackup/Pistol.prefab using Guid(2c2c7b75e510cdb4aae9c1345e514266) Importer(815301076,1909f56bfc062723c751e8b465ee728b)  -> (artifact id: '7b135ae98689f3c4b8bcc47c8eab6797') in 0.014715 seconds 
  Import took 0.017933 seconds .

========================================================================
Received Import Request.
  Time since last request: 67.111386 seconds.
  path: Assets/AssetsBackup/EnemyMaterial 1.mat
  artifactKey: Guid(1a9925b3d6b25694bb8f8d8c17fbbb5c) Importer(815301076,1909f56bfc062723c751e8b465ee728b)
Start importing Assets/AssetsBackup/EnemyMaterial 1.mat using Guid(1a9925b3d6b25694bb8f8d8c17fbbb5c) Importer(815301076,1909f56bfc062723c751e8b465ee728b)  -> (artifact id: 'ffb04fae91dce03f5d2835f449edd60b') in 0.018315 seconds 
  Import took 0.370290 seconds .

========================================================================
Received Prepare
Registering precompiled user dll's ...
Registered in 0.003711 seconds.
Begin MonoManager ReloadAssembly
Native extension for WindowsStandalone target not found
Native extension for WebGL target not found
Refreshing native plugins compatible for Editor in 0.33 ms, found 2 plugins.
Preloading 0 native plugins for Editor in 0.00 ms.
Mono: successfully reloaded assembly
- Completed reload, in  0.914 seconds
Domain Reload Profiling:
	ReloadAssembly (914ms)
		BeginReloadAssembly (159ms)
			ExecutionOrderSort (0ms)
			DisableScriptedObjects (3ms)
			BackupInstance (0ms)
			ReleaseScriptingObjects (0ms)
			CreateAndSetChildDomain (31ms)
		EndReloadAssembly (704ms)
			LoadAssemblies (129ms)
			RebuildTransferFunctionScriptingTraits (0ms)
			SetupTypeCache (252ms)
			ReleaseScriptCaches (1ms)
			RebuildScriptCaches (37ms)
			SetupLoadedEditorAssemblies (256ms)
				LogAssemblyErrors (0ms)
				InitializePlatformSupportModulesInManaged (5ms)
				SetLoadedEditorAssemblies (1ms)
				RefreshPlugins (0ms)
				BeforeProcessingInitializeOnLoad (67ms)
				ProcessInitializeOnLoadAttributes (171ms)
				ProcessInitializeOnLoadMethodAttributes (7ms)
				AfterProcessingInitializeOnLoad (4ms)
				EditorAssembliesLoaded (0ms)
			ExecutionOrderSort2 (0ms)
			AwakeInstancesAfterBackupRestoration (6ms)
Platform modules already initialized, skipping
Refreshing native plugins compatible for Editor in 0.31 ms, found 2 plugins.
Preloading 0 native plugins for Editor in 0.00 ms.
Unloading 1506 Unused Serialized files (Serialized files now loaded: 0)
System memory in use before: 86.5 MB.
System memory in use after: 86.6 MB.

Unloading 16 unused Assets to reduce memory usage. Loaded Objects now: 2000.
Total: 2.784600 ms (FindLiveObjects: 0.150600 ms CreateObjectMapping: 0.046600 ms MarkObjects: 2.556100 ms  DeleteObjects: 0.030200 ms)

AssetImportParameters requested are different than current active one (requested -> active):
  custom:framework-win-MediaFoundation: 216162199b28c13a410421893ffa2e32 -> 
  custom:video-decoder-ogg-theora: a1e56fd34408186e4bbccfd4996cb3dc -> 
  custom:container-muxer-webm: aa71ff27fc2769a1b78a27578f13a17b -> 
  custom:container-demuxer-webm: 4f35f7cbe854078d1ac9338744f61a02 -> 
  custom:container-demuxer-ogg: 62fdf1f143b41e24485cea50d1cbac27 -> 
  custom:video-encoder-webm-vp8: eb34c28f22e8b96e1ab97ce403110664 -> 
  custom:video-decoder-webm-vp8: 9c59270c3fd7afecdb556c50c9e8de78 -> 
  custom:audio-decoder-ogg-vorbis: bf7c407c2cedff20999df2af8eb42d56 -> 
  custom:audio-encoder-webm-vorbis: bf7c407c2cedff20999df2af8eb42d56 -> 
========================================================================
Received Import Request.
  Time since last request: 361.772130 seconds.
  path: Assets/AssetsBackup/MachineGun (1).prefab
  artifactKey: Guid(74436e828167ee145bc096d65947b2d9) Importer(815301076,1909f56bfc062723c751e8b465ee728b)
Start importing Assets/AssetsBackup/MachineGun (1).prefab using Guid(74436e828167ee145bc096d65947b2d9) Importer(815301076,1909f56bfc062723c751e8b465ee728b)  -> (artifact id: '949872abdd1b658662628cd44af6b378') in 0.058042 seconds 
  Import took 0.144692 seconds .

========================================================================
Received Import Request.
  Time since last request: 0.000256 seconds.
  path: Assets/AssetsBackup/MachineGun (2).prefab
  artifactKey: Guid(55ac607d36c121a4396092f5cd4f7ca5) Importer(815301076,1909f56bfc062723c751e8b465ee728b)
Start importing Assets/AssetsBackup/MachineGun (2).prefab using Guid(55ac607d36c121a4396092f5cd4f7ca5) Importer(815301076,1909f56bfc062723c751e8b465ee728b)  -> (artifact id: 'd6f5a0e79eaa23241da4aa3660fc6f46') in 0.015497 seconds 
  Import took 0.017901 seconds .

========================================================================
Received Import Request.
  Time since last request: 27.154389 seconds.
  path: Assets/AssetsBackup/MachineGun.prefab
  artifactKey: Guid(74436e828167ee145bc096d65947b2d9) Importer(815301076,1909f56bfc062723c751e8b465ee728b)
Start importing Assets/AssetsBackup/MachineGun.prefab using Guid(74436e828167ee145bc096d65947b2d9) Importer(815301076,1909f56bfc062723c751e8b465ee728b)  -> (artifact id: 'db66804032981822e34424fdc619187b') in 0.018998 seconds 
  Import took 0.124652 seconds .

========================================================================
Received Prepare
Registering precompiled user dll's ...
Registered in 0.003631 seconds.
Begin MonoManager ReloadAssembly
Native extension for WindowsStandalone target not found
Native extension for WebGL target not found
Refreshing native plugins compatible for Editor in 0.31 ms, found 2 plugins.
Preloading 0 native plugins for Editor in 0.00 ms.
Mono: successfully reloaded assembly
- Completed reload, in  0.848 seconds
Domain Reload Profiling:
	ReloadAssembly (848ms)
		BeginReloadAssembly (89ms)
			ExecutionOrderSort (0ms)
			DisableScriptedObjects (4ms)
			BackupInstance (0ms)
			ReleaseScriptingObjects (0ms)
			CreateAndSetChildDomain (28ms)
		EndReloadAssembly (704ms)
			LoadAssemblies (73ms)
			RebuildTransferFunctionScriptingTraits (0ms)
			SetupTypeCache (248ms)
			ReleaseScriptCaches (1ms)
			RebuildScriptCaches (35ms)
			SetupLoadedEditorAssemblies (262ms)
				LogAssemblyErrors (0ms)
				InitializePlatformSupportModulesInManaged (5ms)
				SetLoadedEditorAssemblies (0ms)
				RefreshPlugins (0ms)
				BeforeProcessingInitializeOnLoad (63ms)
				ProcessInitializeOnLoadAttributes (181ms)
				ProcessInitializeOnLoadMethodAttributes (7ms)
				AfterProcessingInitializeOnLoad (4ms)
				EditorAssembliesLoaded (0ms)
			ExecutionOrderSort2 (0ms)
			AwakeInstancesAfterBackupRestoration (6ms)
Platform modules already initialized, skipping
Refreshing native plugins compatible for Editor in 0.45 ms, found 2 plugins.
Preloading 0 native plugins for Editor in 0.00 ms.
Unloading 1506 Unused Serialized files (Serialized files now loaded: 0)
System memory in use before: 86.5 MB.
System memory in use after: 86.6 MB.

Unloading 14 unused Assets to reduce memory usage. Loaded Objects now: 2003.
Total: 2.743000 ms (FindLiveObjects: 0.183800 ms CreateObjectMapping: 0.060600 ms MarkObjects: 2.481500 ms  DeleteObjects: 0.016100 ms)

AssetImportParameters requested are different than current active one (requested -> active):
  custom:framework-win-MediaFoundation: 216162199b28c13a410421893ffa2e32 -> 
  custom:video-decoder-ogg-theora: a1e56fd34408186e4bbccfd4996cb3dc -> 
  custom:container-muxer-webm: aa71ff27fc2769a1b78a27578f13a17b -> 
  custom:container-demuxer-webm: 4f35f7cbe854078d1ac9338744f61a02 -> 
  custom:container-demuxer-ogg: 62fdf1f143b41e24485cea50d1cbac27 -> 
  custom:video-encoder-webm-vp8: eb34c28f22e8b96e1ab97ce403110664 -> 
  custom:video-decoder-webm-vp8: 9c59270c3fd7afecdb556c50c9e8de78 -> 
  custom:audio-decoder-ogg-vorbis: bf7c407c2cedff20999df2af8eb42d56 -> 
  custom:audio-encoder-webm-vorbis: bf7c407c2cedff20999df2af8eb42d56 -> 
========================================================================
Received Import Request.
  Time since last request: 102.391541 seconds.
  path: Assets/AssetsBackup/New Material.mat
  artifactKey: Guid(48cb6c73da473f249bf38826e0f0958a) Importer(815301076,1909f56bfc062723c751e8b465ee728b)
Start importing Assets/AssetsBackup/New Material.mat using Guid(48cb6c73da473f249bf38826e0f0958a) Importer(815301076,1909f56bfc062723c751e8b465ee728b)  -> (artifact id: '01a51c247b90e4d9f056ec9aa6a61aad') in 0.058875 seconds 
  Import took 0.082970 seconds .

========================================================================
Received Import Request.
  Time since last request: 27.157406 seconds.
  path: Assets/AssetsBackup/ExplotionMeterail.mat
  artifactKey: Guid(48cb6c73da473f249bf38826e0f0958a) Importer(815301076,1909f56bfc062723c751e8b465ee728b)
Start importing Assets/AssetsBackup/ExplotionMeterail.mat using Guid(48cb6c73da473f249bf38826e0f0958a) Importer(815301076,1909f56bfc062723c751e8b465ee728b)  -> (artifact id: '5db1003d1ca2a06348e853c84dd3e6ea') in 0.018147 seconds 
  Import took 0.109454 seconds .

========================================================================
Received Import Request.
  Time since last request: 15.431769 seconds.
  path: Assets/AssetsBackup/ExplotionMeterial.mat
  artifactKey: Guid(48cb6c73da473f249bf38826e0f0958a) Importer(815301076,1909f56bfc062723c751e8b465ee728b)
Start importing Assets/AssetsBackup/ExplotionMeterial.mat using Guid(48cb6c73da473f249bf38826e0f0958a) Importer(815301076,1909f56bfc062723c751e8b465ee728b)  -> (artifact id: 'e3cfa2592f82f3c038bdda0c4126aebd') in 0.016394 seconds 
  Import took 0.110730 seconds .

========================================================================
Received Import Request.
  Time since last request: 24.721845 seconds.
  path: Assets/AssetsBackup/ExplosionMeterial 1.mat
  artifactKey: Guid(48cb6c73da473f249bf38826e0f0958a) Importer(815301076,1909f56bfc062723c751e8b465ee728b)
Start importing Assets/AssetsBackup/ExplosionMeterial 1.mat using Guid(48cb6c73da473f249bf38826e0f0958a) Importer(815301076,1909f56bfc062723c751e8b465ee728b)  -> (artifact id: 'ebc5fcd26c20e16583a20e8944a550a2') in 0.015520 seconds 
  Import took 0.029234 seconds .

========================================================================
Received Prepare
Registering precompiled user dll's ...
Registered in 0.002861 seconds.
Begin MonoManager ReloadAssembly
Native extension for WindowsStandalone target not found
Native extension for WebGL target not found
Refreshing native plugins compatible for Editor in 0.35 ms, found 2 plugins.
Preloading 0 native plugins for Editor in 0.00 ms.
Mono: successfully reloaded assembly
- Completed reload, in  0.865 seconds
Domain Reload Profiling:
	ReloadAssembly (865ms)
		BeginReloadAssembly (110ms)
			ExecutionOrderSort (0ms)
			DisableScriptedObjects (3ms)
			BackupInstance (0ms)
			ReleaseScriptingObjects (0ms)
			CreateAndSetChildDomain (32ms)
		EndReloadAssembly (703ms)
			LoadAssemblies (73ms)
			RebuildTransferFunctionScriptingTraits (0ms)
			SetupTypeCache (253ms)
			ReleaseScriptCaches (1ms)
			RebuildScriptCaches (36ms)
			SetupLoadedEditorAssemblies (248ms)
				LogAssemblyErrors (0ms)
				InitializePlatformSupportModulesInManaged (5ms)
				SetLoadedEditorAssemblies (1ms)
				RefreshPlugins (0ms)
				BeforeProcessingInitializeOnLoad (63ms)
				ProcessInitializeOnLoadAttributes (168ms)
				ProcessInitializeOnLoadMethodAttributes (7ms)
				AfterProcessingInitializeOnLoad (4ms)
				EditorAssembliesLoaded (0ms)
			ExecutionOrderSort2 (0ms)
			AwakeInstancesAfterBackupRestoration (6ms)
Platform modules already initialized, skipping
Refreshing native plugins compatible for Editor in 0.33 ms, found 2 plugins.
Preloading 0 native plugins for Editor in 0.00 ms.
Unloading 1506 Unused Serialized files (Serialized files now loaded: 0)
System memory in use before: 86.5 MB.
System memory in use after: 86.6 MB.

Unloading 14 unused Assets to reduce memory usage. Loaded Objects now: 2006.
Total: 2.691200 ms (FindLiveObjects: 0.152800 ms CreateObjectMapping: 0.039300 ms MarkObjects: 2.483200 ms  DeleteObjects: 0.015000 ms)

AssetImportParameters requested are different than current active one (requested -> active):
  custom:framework-win-MediaFoundation: 216162199b28c13a410421893ffa2e32 -> 
  custom:video-decoder-ogg-theora: a1e56fd34408186e4bbccfd4996cb3dc -> 
  custom:container-muxer-webm: aa71ff27fc2769a1b78a27578f13a17b -> 
  custom:container-demuxer-webm: 4f35f7cbe854078d1ac9338744f61a02 -> 
  custom:container-demuxer-ogg: 62fdf1f143b41e24485cea50d1cbac27 -> 
  custom:video-encoder-webm-vp8: eb34c28f22e8b96e1ab97ce403110664 -> 
  custom:video-decoder-webm-vp8: 9c59270c3fd7afecdb556c50c9e8de78 -> 
  custom:audio-decoder-ogg-vorbis: bf7c407c2cedff20999df2af8eb42d56 -> 
  custom:audio-encoder-webm-vorbis: bf7c407c2cedff20999df2af8eb42d56 -> 
========================================================================
Received Import Request.
  Time since last request: 347.998208 seconds.
  path: Assets/AssetsBackup/Flamethrower.prefab
  artifactKey: Guid(845dac937db74664fb087109a46bbfe4) Importer(815301076,1909f56bfc062723c751e8b465ee728b)
Start importing Assets/AssetsBackup/Flamethrower.prefab using Guid(845dac937db74664fb087109a46bbfe4) Importer(815301076,1909f56bfc062723c751e8b465ee728b)  -> (artifact id: '4f1d9407f05313c486a8b9617386712c') in 0.054509 seconds 
  Import took 0.056929 seconds .

========================================================================
Received Import Request.
  Time since last request: 63.684641 seconds.
  path: Assets/AssetsBackup/ExplosionMaterial 2.mat
  artifactKey: Guid(48cb6c73da473f249bf38826e0f0958a) Importer(815301076,1909f56bfc062723c751e8b465ee728b)
Start importing Assets/AssetsBackup/ExplosionMaterial 2.mat using Guid(48cb6c73da473f249bf38826e0f0958a) Importer(815301076,1909f56bfc062723c751e8b465ee728b)  -> (artifact id: '4a3c51d2f634860099c83cb694f36783') in 0.031697 seconds 
  Import took 0.035162 seconds .

========================================================================
Received Import Request.
  Time since last request: 45.458452 seconds.
  path: Assets/AssetsBackup/Explosion Material 3.mat
  artifactKey: Guid(4f14956e77635ea46bc179b9ebc3b23f) Importer(815301076,1909f56bfc062723c751e8b465ee728b)
Start importing Assets/AssetsBackup/Explosion Material 3.mat using Guid(4f14956e77635ea46bc179b9ebc3b23f) Importer(815301076,1909f56bfc062723c751e8b465ee728b)  -> (artifact id: 'c5d3bb952b8601d076cebf42441135fc') in 0.027957 seconds 
  Import took 0.044596 seconds .

========================================================================
Received Prepare
Registering precompiled user dll's ...
Registered in 0.002359 seconds.
Begin MonoManager ReloadAssembly
Native extension for WindowsStandalone target not found
Native extension for WebGL target not found
Refreshing native plugins compatible for Editor in 0.31 ms, found 2 plugins.
Preloading 0 native plugins for Editor in 0.00 ms.
Mono: successfully reloaded assembly
- Completed reload, in  0.856 seconds
Domain Reload Profiling:
	ReloadAssembly (856ms)
		BeginReloadAssembly (95ms)
			ExecutionOrderSort (0ms)
			DisableScriptedObjects (3ms)
			BackupInstance (0ms)
			ReleaseScriptingObjects (0ms)
			CreateAndSetChildDomain (27ms)
		EndReloadAssembly (708ms)
			LoadAssemblies (69ms)
			RebuildTransferFunctionScriptingTraits (0ms)
			SetupTypeCache (263ms)
			ReleaseScriptCaches (1ms)
			RebuildScriptCaches (35ms)
			SetupLoadedEditorAssemblies (252ms)
				LogAssemblyErrors (0ms)
				InitializePlatformSupportModulesInManaged (5ms)
				SetLoadedEditorAssemblies (0ms)
				RefreshPlugins (0ms)
				BeforeProcessingInitializeOnLoad (65ms)
				ProcessInitializeOnLoadAttributes (170ms)
				ProcessInitializeOnLoadMethodAttributes (8ms)
				AfterProcessingInitializeOnLoad (4ms)
				EditorAssembliesLoaded (0ms)
			ExecutionOrderSort2 (0ms)
			AwakeInstancesAfterBackupRestoration (6ms)
Platform modules already initialized, skipping
Refreshing native plugins compatible for Editor in 0.32 ms, found 2 plugins.
Preloading 0 native plugins for Editor in 0.00 ms.
Unloading 1506 Unused Serialized files (Serialized files now loaded: 0)
System memory in use before: 86.5 MB.
System memory in use after: 86.6 MB.

Unloading 14 unused Assets to reduce memory usage. Loaded Objects now: 2009.
Total: 2.745400 ms (FindLiveObjects: 0.162400 ms CreateObjectMapping: 0.039500 ms MarkObjects: 2.527200 ms  DeleteObjects: 0.015700 ms)

AssetImportParameters requested are different than current active one (requested -> active):
  custom:framework-win-MediaFoundation: 216162199b28c13a410421893ffa2e32 -> 
  custom:video-decoder-ogg-theora: a1e56fd34408186e4bbccfd4996cb3dc -> 
  custom:container-muxer-webm: aa71ff27fc2769a1b78a27578f13a17b -> 
  custom:container-demuxer-webm: 4f35f7cbe854078d1ac9338744f61a02 -> 
  custom:container-demuxer-ogg: 62fdf1f143b41e24485cea50d1cbac27 -> 
  custom:video-encoder-webm-vp8: eb34c28f22e8b96e1ab97ce403110664 -> 
  custom:video-decoder-webm-vp8: 9c59270c3fd7afecdb556c50c9e8de78 -> 
  custom:audio-decoder-ogg-vorbis: bf7c407c2cedff20999df2af8eb42d56 -> 
  custom:audio-encoder-webm-vorbis: bf7c407c2cedff20999df2af8eb42d56 -> 
========================================================================
Received Import Request.
  Time since last request: 193.143757 seconds.
  path: Assets/k.jpg
  artifactKey: Guid(b8af82619ca11fd4a9778cd510f9352e) Importer(815301076,1909f56bfc062723c751e8b465ee728b)
Start importing Assets/k.jpg using Guid(b8af82619ca11fd4a9778cd510f9352e) Importer(815301076,1909f56bfc062723c751e8b465ee728b)  -> (artifact id: '88063f561a3536d49458a1812dae822f') in 0.036070 seconds 
  Import took 0.038430 seconds .

========================================================================
Received Import Request.
  Time since last request: 21.335537 seconds.
  path: Assets/Materials/k.mat
  artifactKey: Guid(5c92833439dd9444da41420c33e199ff) Importer(815301076,1909f56bfc062723c751e8b465ee728b)
Start importing Assets/Materials/k.mat using Guid(5c92833439dd9444da41420c33e199ff) Importer(815301076,1909f56bfc062723c751e8b465ee728b)  -> (artifact id: 'bb6e328d5f6d8a43be5535fe5f70c39a') in 0.042605 seconds 
  Import took 0.046636 seconds .

========================================================================
Received Import Request.
  Time since last request: 32.066188 seconds.
  path: Assets/Materials/k.mat
  artifactKey: Guid(5c92833439dd9444da41420c33e199ff) Importer(815301076,1909f56bfc062723c751e8b465ee728b)
Start importing Assets/Materials/k.mat using Guid(5c92833439dd9444da41420c33e199ff) Importer(815301076,1909f56bfc062723c751e8b465ee728b)  -> (artifact id: 'ef65d1ae57784b3f34dc471c5af30f03') in 0.022467 seconds 
  Import took 0.040090 seconds .

